[2025-12-10 16:11:49] INFO: Setting up directory structure...
[2025-12-10 16:11:49] INFO: Directories created successfully
[2025-12-10 16:11:49] INFO: Starting system monitoring...
[2025-12-10 16:11:49] INFO: [1/10] Collecting CPU Metrics...
[2025-12-10 16:11:50] INFO: CPU metrics collected: Model=AMD Ryzen 7 7435HS                             , Cores=16, Usage=7.60%, Load=0.52
[2025-12-10 16:11:50] INFO: [2/10] Collecting Memory Metrics...
[2025-12-10 16:11:50] INFO: Memory metrics collected: Total=23.82GB, Used=14.12GB, Usage=59.27%
[2025-12-10 16:11:50] INFO: [3/10] Collecting Disk Metrics...
[2025-12-10 16:11:50] INFO: Disk metrics collected: Filesystem=C:\, Mount=/mnt/c, Usage=92%
[2025-12-10 16:11:50] INFO: [4/10] Collecting SMART Status...
[2025-12-10 16:11:50] INFO: SMART status collected: Status=Not Available, Health=
[2025-12-10 16:11:50] INFO: [5/10] Collecting Network Metrics...
[2025-12-10 16:11:50] INFO: Network metrics collected: Interfaces=0
[2025-12-10 16:11:50] INFO: [6/10] Collecting System Load Metrics...
[2025-12-10 16:11:51] INFO: Load metrics collected: Uptime=0d 0h 0m, Processes=8
[2025-12-10 16:11:51] INFO: [7/10] Collecting GPU Metrics...
[2025-12-10 16:11:51] INFO: GPU metrics collected: Type=None, Detected=0
[2025-12-10 16:11:51] INFO: [8/10] Collecting Temperature Metrics...
[2025-12-10 16:11:51] INFO: Temperature metrics collected: Temp=N/A°C, Source=N/A
[2025-12-10 16:11:51] INFO: [9/10] Collecting Top Processes...
[2025-12-10 16:11:51] INFO: Top processes collected: Count=5
[2025-12-10 16:11:51] INFO: [10/10] Checking Critical Alerts...
[2025-12-10 16:11:51] WARNING: ALERT: Disk usage is 92% (threshold: 90%)
[2025-12-10 16:11:51] INFO: Alert check completed: 1 alerts found
[2025-12-10 16:11:51] INFO: Exporting CSV data...
[2025-12-10 16:11:51] INFO: CSV data exported to /mnt/z/t5/os/proj/v5/data/metrics_20251210_161148.csv
[2025-12-10 16:11:51] INFO: Generating HTML report...
[2025-12-10 16:11:51] INFO: HTML report generated: /mnt/z/t5/os/proj/v5/reports/report_20251210_161148.html
[2025-12-10 16:11:51] INFO: System monitoring completed successfully
