[2025-12-13 17:42:38] INFO: Setting up directory structure...
[2025-12-13 17:42:38] INFO: Directories created successfully
[2025-12-13 17:42:38] INFO: Starting system monitoring...
[2025-12-13 17:42:38] INFO: [1/10] Collecting CPU Metrics...
[2025-12-13 17:42:40] INFO: CPU metrics collected: Model=AMD Ryzen 7 7435HS                             , Cores=16, Usage=33.27%, Load=0.52
[2025-12-13 17:42:40] INFO: [2/10] Collecting Memory Metrics...
[2025-12-13 17:42:40] INFO: Memory metrics collected: Total=23.82GB, Used=13.69GB, Usage=57.47%
[2025-12-13 17:42:40] INFO: [3/10] Collecting Disk Metrics...
[2025-12-13 17:42:40] INFO: Disk metrics collected: Filesystem=C:\, Mount=/mnt/c, Usage=97%
[2025-12-13 17:42:40] INFO: [4/10] Collecting SMART Status...
[2025-12-13 17:42:40] INFO: SMART status collected: Status=Not Available, Health=
[2025-12-13 17:42:40] INFO: [5/10] Collecting Network Metrics...
[2025-12-13 17:42:40] INFO: Network metrics collected: Interfaces=0
[2025-12-13 17:42:40] INFO: [6/10] Collecting System Load Metrics...
[2025-12-13 17:42:40] INFO: Load metrics collected: Uptime=0d 0h 0m, Processes=7
[2025-12-13 17:42:40] INFO: [7/10] Collecting GPU Metrics...
[2025-12-13 17:42:40] INFO: GPU metrics collected: Type=None, Detected=0
[2025-12-13 17:42:40] INFO: [8/10] Collecting Temperature Metrics...
[2025-12-13 17:42:41] INFO: Temperature metrics collected: Temp=N/A°C, Source=N/A
[2025-12-13 17:42:41] INFO: [9/10] Collecting Top Processes...
[2025-12-13 17:42:41] INFO: Top processes collected: Count=5
[2025-12-13 17:42:41] INFO: [10/10] Checking Critical Alerts...
[2025-12-13 17:42:41] WARNING: ALERT: Disk usage is 97% (threshold: 90%)
[2025-12-13 17:42:41] INFO: Alert check completed: 1 alerts found
[2025-12-13 17:42:41] INFO: Exporting CSV data...
[2025-12-13 17:42:41] INFO: CSV data exported to /mnt/z/t5/os/proj/v5/data/metrics_20251213_174238.csv
[2025-12-13 17:42:41] INFO: Generating HTML report...
[2025-12-13 17:42:41] INFO: HTML report generated: /mnt/z/t5/os/proj/v5/reports/report_20251213_174238.html
[2025-12-13 17:42:41] INFO: System monitoring completed successfully
