[2025-12-10 15:59:27] INFO: Setting up directory structure...
[2025-12-10 15:59:27] INFO: Directories created successfully
[2025-12-10 15:59:27] INFO: Starting system monitoring...
[2025-12-10 15:59:27] INFO: [1/10] Collecting CPU Metrics...
[2025-12-10 15:59:28] INFO: CPU metrics collected: Model=AMD Ryzen 7 7435HS, Cores=16, Usage=.06%, Load=0.25
[2025-12-10 15:59:28] INFO: [2/10] Collecting Memory Metrics...
[2025-12-10 15:59:28] INFO: Memory metrics collected: Total=11.59GB, Used=1.89GB, Usage=16.30%
[2025-12-10 15:59:28] INFO: [3/10] Collecting Disk Metrics...
[2025-12-10 15:59:28] INFO: Disk metrics collected: Filesystem=C:\, Mount=/mnt/c, Usage=93%
[2025-12-10 15:59:28] INFO: [4/10] Collecting SMART Status...
[2025-12-10 15:59:28] INFO: SMART status collected: Status=Not Available, Health=
[2025-12-10 15:59:28] INFO: [5/10] Collecting Network Metrics...
[2025-12-10 15:59:28] INFO: Network metrics collected: Interfaces=9
[2025-12-10 15:59:28] INFO: [6/10] Collecting System Load Metrics...
[2025-12-10 15:59:28] INFO: Load metrics collected: Uptime=0d 0h 2m, Processes=79
[2025-12-10 15:59:28] INFO: [7/10] Collecting GPU Metrics...
[2025-12-10 15:59:28] INFO: GPU metrics collected: Type=NVIDIA, Detected=1
[2025-12-10 15:59:28] INFO: [8/10] Collecting Temperature Metrics...
[2025-12-10 15:59:28] INFO: Temperature metrics collected: Temp=N/A°C, Source=N/A
[2025-12-10 15:59:28] INFO: [9/10] Collecting Top Processes...
[2025-12-10 15:59:29] INFO: Top processes collected: Count=5
[2025-12-10 15:59:29] INFO: [10/10] Checking Critical Alerts...
[2025-12-10 15:59:29] WARNING: ALERT: Disk usage is 93% (threshold: 90%)
[2025-12-10 15:59:29] INFO: Alert check completed: 1 alerts found
[2025-12-10 15:59:29] INFO: Exporting CSV data...
[2025-12-10 15:59:29] INFO: CSV data exported to /mnt/z/t5/os/proj/v5/data/metrics_20251210_155927.csv
[2025-12-10 15:59:29] INFO: Generating HTML report...
[2025-12-10 15:59:30] INFO: HTML report generated: /mnt/z/t5/os/proj/v5/reports/report_20251210_155927.html
[2025-12-10 15:59:30] INFO: System monitoring completed successfully
