[2025-12-11 23:50:22] INFO: Setting up directory structure...
[2025-12-11 23:50:22] INFO: Directories created successfully
[2025-12-11 23:50:23] INFO: Starting system monitoring...
[2025-12-11 23:50:23] INFO: [1/10] Collecting CPU Metrics...
[2025-12-11 23:50:27] INFO: CPU metrics collected: Model=12th Gen Intel(R) Core(TM) i5-12500H, Cores=16, Usage=18.94%, Load=0.52
[2025-12-11 23:50:27] INFO: [2/10] Collecting Memory Metrics...
[2025-12-11 23:50:30] INFO: Memory metrics collected: Total=23.62GB, Used=11.33GB, Usage=47.96%
[2025-12-11 23:50:30] INFO: [3/10] Collecting Disk Metrics...
[2025-12-11 23:50:33] INFO: Disk metrics collected for all drives
[2025-12-11 23:50:34] INFO: [4/10] Collecting SMART Status...
[2025-12-11 23:50:34] INFO: SMART status collected: Status=Not Available, Health=N/A
[2025-12-11 23:50:34] INFO: [5/10] Collecting Network Metrics...
[2025-12-11 23:50:35] INFO: Network metrics collected: Interfaces=0
[2025-12-11 23:50:35] INFO: [6/10] Collecting System Load Metrics...
[2025-12-11 23:50:37] INFO: Load metrics collected: Uptime=0d 1h 18m, Processes=9
[2025-12-11 23:50:37] INFO: [7/10] Collecting GPU Metrics...
[2025-12-11 23:50:39] INFO: GPU metrics collected: Type=NVIDIA, Detected=1
[2025-12-11 23:50:40] INFO: [8/10] Collecting Temperature Metrics...
[2025-12-11 23:50:40] INFO: Temperature metrics collected: Temp=52°C, Source=Estimated (Universal)
[2025-12-11 23:50:40] INFO: [9/10] Collecting Top Processes...
[2025-12-11 23:50:47] INFO: Top processes collected: Count=5
[2025-12-11 23:50:47] INFO: [10/10] Checking Critical Alerts...
[2025-12-11 23:50:48] INFO: Alert check completed: 0 alerts found
[2025-12-11 23:50:48] INFO: Exporting CSV data...
[2025-12-11 23:50:48] INFO: CSV data exported to /mnt/d/aast/sem 5/OS/12th/v5-machine-usage/data/metrics.csv
[2025-12-11 23:50:49] INFO: Generating HTML report...
[2025-12-11 23:50:50] INFO: HTML report generated: /mnt/d/aast/sem 5/OS/12th/v5-machine-usage/reports/report.html
[2025-12-11 23:50:50] INFO: System monitoring completed successfully
[2025-12-11 23:50:54] INFO: Setting up directory structure...
[2025-12-11 23:50:54] INFO: Directories created successfully
[2025-12-11 23:50:54] INFO: Starting system monitoring...
[2025-12-11 23:50:55] INFO: [1/10] Collecting CPU Metrics...
[2025-12-11 23:50:59] INFO: CPU metrics collected: Model=12th Gen Intel(R) Core(TM) i5-12500H, Cores=16, Usage=22.03%, Load=0.52
[2025-12-11 23:50:59] INFO: [2/10] Collecting Memory Metrics...
[2025-12-11 23:51:02] INFO: Memory metrics collected: Total=23.62GB, Used=11.37GB, Usage=48.13%
[2025-12-11 23:51:02] INFO: [3/10] Collecting Disk Metrics...
[2025-12-11 23:51:05] INFO: Disk metrics collected for all drives
[2025-12-11 23:51:06] INFO: [4/10] Collecting SMART Status...
[2025-12-11 23:51:06] INFO: SMART status collected: Status=Not Available, Health=N/A
[2025-12-11 23:51:06] INFO: [5/10] Collecting Network Metrics...
[2025-12-11 23:51:07] INFO: Network metrics collected: Interfaces=0
[2025-12-11 23:51:07] INFO: [6/10] Collecting System Load Metrics...
[2025-12-11 23:51:09] INFO: Load metrics collected: Uptime=0d 1h 19m, Processes=9
[2025-12-11 23:51:09] INFO: [7/10] Collecting GPU Metrics...
[2025-12-11 23:51:11] INFO: GPU metrics collected: Type=NVIDIA, Detected=1
[2025-12-11 23:51:12] INFO: [8/10] Collecting Temperature Metrics...
[2025-12-11 23:51:12] INFO: Temperature metrics collected: Temp=53°C, Source=Estimated (Universal)
[2025-12-11 23:51:12] INFO: [9/10] Collecting Top Processes...
[2025-12-11 23:51:18] INFO: Top processes collected: Count=5
[2025-12-11 23:51:19] INFO: [10/10] Checking Critical Alerts...
[2025-12-11 23:51:19] INFO: Alert check completed: 0 alerts found
[2025-12-11 23:51:20] INFO: Exporting CSV data...
[2025-12-11 23:51:20] INFO: CSV data exported to /mnt/d/aast/sem 5/OS/12th/v5-machine-usage/data/metrics.csv
[2025-12-11 23:51:20] INFO: Generating HTML report...
[2025-12-11 23:51:22] INFO: HTML report generated: /mnt/d/aast/sem 5/OS/12th/v5-machine-usage/reports/report.html
[2025-12-11 23:51:22] INFO: System monitoring completed successfully
[2025-12-12 01:28:58] INFO: Setting up directory structure...
[2025-12-12 01:28:58] INFO: Directories created successfully
[2025-12-12 01:28:59] INFO: Starting system monitoring...
[2025-12-12 01:28:59] INFO: [1/10] Collecting CPU Metrics...
[2025-12-12 01:29:03] INFO: CPU metrics collected: Model=12th Gen Intel(R) Core(TM) i5-12500H, Cores=16, Usage=18.27%, Load=0.52
[2025-12-12 01:29:03] INFO: [2/10] Collecting Memory Metrics...
[2025-12-12 01:29:06] INFO: Memory metrics collected: Total=23.62GB, Used=11.67GB, Usage=49.40%
[2025-12-12 01:29:07] INFO: [3/10] Collecting Disk Metrics...
[2025-12-12 01:29:10] INFO: Disk metrics collected for all drives
[2025-12-12 01:29:11] INFO: [4/10] Collecting SMART Status...
[2025-12-12 01:29:11] INFO: SMART status collected: Status=Not Available, Health=N/A
[2025-12-12 01:29:11] INFO: [5/10] Collecting Network Metrics...
[2025-12-12 01:29:13] INFO: Network metrics collected: Interfaces=0
[2025-12-12 01:29:13] INFO: [6/10] Collecting System Load Metrics...
[2025-12-12 01:29:15] INFO: Load metrics collected: Uptime=0d 2h 57m, Processes=9
[2025-12-12 01:29:15] INFO: [7/10] Collecting GPU Metrics...
[2025-12-12 01:29:17] INFO: GPU metrics collected: Type=NVIDIA, Detected=1
[2025-12-12 01:29:18] INFO: [8/10] Collecting Temperature Metrics...
[2025-12-12 01:29:19] INFO: Temperature metrics collected: Temp=48°C, Source=Smart Simulation (Load + Jitter)
[2025-12-12 01:29:19] INFO: [9/10] Collecting Top Processes...
[2025-12-12 01:29:26] INFO: Top processes collected: Count=5
[2025-12-12 01:29:27] INFO: [10/10] Checking Critical Alerts...
[2025-12-12 01:29:28] INFO: Alert check completed: 0 alerts found
[2025-12-12 01:29:28] INFO: Exporting CSV data...
[2025-12-12 01:29:29] INFO: CSV data exported to /mnt/d/aast/sem 5/OS/12th/v5-machine-usage/data/metrics.csv
[2025-12-12 01:29:29] INFO: Generating HTML report...
[2025-12-12 01:29:31] INFO: HTML report generated: /mnt/d/aast/sem 5/OS/12th/v5-machine-usage/reports/report.html
[2025-12-12 01:29:31] INFO: System monitoring completed successfully
[2025-12-12 01:46:35] INFO: Setting up directory structure...
[2025-12-12 01:46:36] INFO: Directories created successfully
[2025-12-12 01:46:37] INFO: Starting system monitoring...
[2025-12-12 01:46:37] INFO: [1/10] Collecting CPU Metrics...
[2025-12-12 01:46:41] INFO: CPU metrics collected: Model=12th Gen Intel(R) Core(TM) i5-12500H, Cores=16, Usage=20.79%, Load=0.52
[2025-12-12 01:46:41] INFO: [2/10] Collecting Memory Metrics...
[2025-12-12 01:46:44] INFO: Memory metrics collected: Total=23.62GB, Used=11.12GB, Usage=47.07%
[2025-12-12 01:46:45] INFO: [3/10] Collecting Disk Metrics...
[2025-12-12 01:46:48] INFO: Disk metrics collected for all drives
[2025-12-12 01:46:49] INFO: [4/10] Collecting SMART Status...
[2025-12-12 01:46:49] INFO: SMART status collected: Status=Not Available, Health=N/A
[2025-12-12 01:46:49] INFO: [5/10] Collecting Network Metrics...
[2025-12-12 01:46:50] INFO: Network metrics collected: Interfaces=0
[2025-12-12 01:46:51] INFO: [6/10] Collecting System Load Metrics...
[2025-12-12 01:46:53] INFO: Load metrics collected: Uptime=0d 3h 14m, Processes=9
[2025-12-12 01:46:53] INFO: [7/10] Collecting GPU Metrics...
[2025-12-12 01:46:55] INFO: GPU metrics collected: Type=NVIDIA, Detected=1
[2025-12-12 01:46:56] INFO: [8/10] Collecting Temperature Metrics...
[2025-12-12 01:46:57] INFO: Temperature metrics collected: Temp=49°C, Source=Smart Simulation (Load + Jitter)
[2025-12-12 01:46:57] INFO: [9/10] Collecting Top Processes...
[2025-12-12 01:47:05] INFO: Top processes collected: Count=5
[2025-12-12 01:47:05] INFO: [10/10] Checking Critical Alerts...
[2025-12-12 01:47:06] INFO: Alert check completed: 0 alerts found
[2025-12-12 01:47:06] INFO: Exporting CSV data...
[2025-12-12 01:47:07] INFO: CSV data exported to /mnt/d/aast/sem 5/OS/12th/v5-machine-usage/data/metrics.csv
[2025-12-12 01:47:07] INFO: Generating HTML report...
[2025-12-12 01:47:08] INFO: HTML report generated: /mnt/d/aast/sem 5/OS/12th/v5-machine-usage/reports/report.html
[2025-12-12 01:47:09] INFO: System monitoring completed successfully
[2025-12-12 01:52:39] INFO: Setting up directory structure...
[2025-12-12 01:52:39] INFO: Directories created successfully
[2025-12-12 01:52:40] INFO: Starting system monitoring...
[2025-12-12 01:52:40] INFO: [1/10] Collecting CPU Metrics...
[2025-12-12 01:52:45] INFO: CPU metrics collected: Model=12th Gen Intel(R) Core(TM) i5-12500H, Cores=16, Usage=21.34%, Load=0.52
[2025-12-12 01:52:45] INFO: [2/10] Collecting Memory Metrics...
[2025-12-12 01:52:48] INFO: Memory metrics collected: Total=23.62GB, Used=11.11GB, Usage=47.03%
[2025-12-12 01:52:48] INFO: [3/10] Collecting Disk Metrics...
[2025-12-12 01:52:52] INFO: Disk metrics collected for all drives
[2025-12-12 01:52:52] INFO: [4/10] Collecting SMART Status...
[2025-12-12 01:52:52] INFO: SMART status collected: Status=Not Available, Health=N/A
[2025-12-12 01:52:52] INFO: [5/10] Collecting Network Metrics...
[2025-12-12 01:52:54] INFO: Network metrics collected: Interfaces=0
[2025-12-12 01:52:54] INFO: [6/10] Collecting System Load Metrics...
[2025-12-12 01:52:56] INFO: Load metrics collected: Uptime=0d 3h 20m, Processes=9
[2025-12-12 01:52:56] INFO: [7/10] Collecting GPU Metrics...
[2025-12-12 01:52:59] INFO: GPU metrics collected: Type=NVIDIA, Detected=1
[2025-12-12 01:52:59] INFO: [8/10] Collecting Temperature Metrics...
[2025-12-12 01:53:00] INFO: Temperature metrics collected: Temp=51°C, Source=Smart Simulation (Load + Jitter)
[2025-12-12 01:53:00] INFO: [9/10] Collecting Top Processes...
[2025-12-12 01:53:07] INFO: Top processes collected: Count=5
[2025-12-12 01:53:08] INFO: [10/10] Checking Critical Alerts...
[2025-12-12 01:53:08] INFO: Alert check completed: 0 alerts found
[2025-12-12 01:53:09] INFO: Exporting CSV data...
[2025-12-12 01:53:09] INFO: CSV data exported to /mnt/d/aast/sem 5/OS/12th/v5-machine-usage/data/metrics.csv
[2025-12-12 01:53:10] INFO: Generating HTML report...
[2025-12-12 01:53:11] INFO: HTML report generated: /mnt/d/aast/sem 5/OS/12th/v5-machine-usage/reports/report.html
[2025-12-12 01:53:11] INFO: System monitoring completed successfully
[2025-12-12 02:02:04] INFO: Setting up directory structure...
[2025-12-12 02:02:05] INFO: Directories created successfully
[2025-12-12 02:02:06] INFO: Starting system monitoring...
[2025-12-12 02:02:06] INFO: [1/10] Collecting CPU Metrics...
[2025-12-12 02:02:10] INFO: CPU metrics collected: Model=12th Gen Intel(R) Core(TM) i5-12500H, Cores=16, Usage=11.99%, Load=0.52
[2025-12-12 02:02:11] INFO: [2/10] Collecting Memory Metrics...
[2025-12-12 02:02:14] INFO: Memory metrics collected: Total=23.62GB, Used=11.40GB, Usage=48.26%
[2025-12-12 02:02:14] INFO: [3/10] Collecting Disk Metrics...
[2025-12-12 02:02:18] INFO: Disk metrics collected for all drives
[2025-12-12 02:02:19] INFO: [4/10] Collecting SMART Status...
[2025-12-12 02:02:19] INFO: SMART status collected: Status=Not Available, Health=N/A
[2025-12-12 02:02:19] INFO: [5/10] Collecting Network Metrics...
[2025-12-12 02:02:23] INFO: Network metrics collected: Interfaces=0, Total RX=0 KB/s, TX=0 KB/s
[2025-12-12 02:02:23] INFO: [6/10] Collecting System Load Metrics...
[2025-12-12 02:02:25] INFO: Load metrics collected: Uptime=0d 3h 30m, Processes=9
[2025-12-12 02:02:25] INFO: [7/10] Collecting GPU Metrics...
[2025-12-12 02:02:28] INFO: GPU metrics collected: Type=NVIDIA, Detected=1
[2025-12-12 02:02:28] INFO: [8/10] Collecting Temperature Metrics...
[2025-12-12 02:02:30] INFO: Temperature metrics collected: Temp=46°C, Source=Smart Simulation (Load + Jitter)
[2025-12-12 02:02:30] INFO: [9/10] Collecting Top Processes...
[2025-12-12 02:02:37] INFO: Top processes collected: Count=5
[2025-12-12 02:02:37] INFO: [10/10] Checking Critical Alerts...
[2025-12-12 02:02:38] INFO: Alert check completed: 0 alerts found
[2025-12-12 02:02:38] INFO: Exporting CSV data...
[2025-12-12 02:02:39] INFO: CSV data exported to /mnt/d/aast/sem 5/OS/12th/v5-machine-usage/data/metrics.csv
[2025-12-12 02:02:39] INFO: Generating HTML report...
[2025-12-12 02:02:41] INFO: HTML report generated: /mnt/d/aast/sem 5/OS/12th/v5-machine-usage/reports/report.html
[2025-12-12 02:02:41] CPU: 12th Gen Intel(R) Core(TM) i5-12500H | 11.99% (46C) | RAM: 11.40GB/23.62GB | Disk: /mnt/c [Disk] 286G/476G /mnt/d [Disk] 600G/932G [Healthy (2 Drives)] | Net: 0KB/s D / 0KB/s U | GPU: NVIDIA GeForce RTX 3050 Laptop GPU 1% (51C)
[2025-12-12 02:02:41] INFO: System monitoring completed successfully
[2025-12-12 02:05:01] INFO: Setting up directory structure...
[2025-12-12 02:05:01] INFO: Directories created successfully
[2025-12-12 02:05:03] INFO: Starting system monitoring...
[2025-12-12 02:05:03] INFO: [1/10] Collecting CPU Metrics...
[2025-12-12 02:05:07] INFO: CPU metrics collected: Model=12th Gen Intel(R) Core(TM) i5-12500H, Cores=16, Usage=8.68%, Load=0.52
[2025-12-12 02:05:07] INFO: [2/10] Collecting Memory Metrics...
[2025-12-12 02:05:11] INFO: Memory metrics collected: Total=23.62GB, Used=11.39GB, Usage=48.22%
[2025-12-12 02:05:11] INFO: [3/10] Collecting Disk Metrics...
[2025-12-12 02:05:14] INFO: Disk metrics collected for all drives
[2025-12-12 02:05:15] INFO: [4/10] Collecting SMART Status...
[2025-12-12 02:05:15] INFO: SMART status collected: Status=Not Available, Health=N/A
[2025-12-12 02:05:15] INFO: [5/10] Collecting Network Metrics...
[2025-12-12 02:05:19] INFO: Network metrics collected: Interfaces=0, Total RX=0 KB/s, TX=0 KB/s
[2025-12-12 02:05:19] INFO: [6/10] Collecting System Load Metrics...
[2025-12-12 02:05:21] INFO: Load metrics collected: Uptime=0d 3h 33m, Processes=9
[2025-12-12 02:05:21] INFO: [7/10] Collecting GPU Metrics...
[2025-12-12 02:05:24] INFO: GPU metrics collected: Type=NVIDIA, Detected=1
[2025-12-12 02:05:24] INFO: [8/10] Collecting Temperature Metrics...
[2025-12-12 02:05:25] INFO: Temperature metrics collected: Temp=46°C, Source=Smart Simulation (Load + Jitter)
[2025-12-12 02:05:25] INFO: [9/10] Collecting Top Processes...
[2025-12-12 02:05:33] INFO: Top processes collected: Count=5
[2025-12-12 02:05:34] INFO: [10/10] Checking Critical Alerts...
[2025-12-12 02:05:34] INFO: Alert check completed: 0 alerts found
[2025-12-12 02:05:35] INFO: Exporting CSV data...
[2025-12-12 02:05:35] INFO: CSV data exported to /mnt/d/aast/sem 5/OS/12th/v5-machine-usage/data/metrics.csv
[2025-12-12 02:05:36] INFO: Generating HTML report...
[2025-12-12 02:05:37] INFO: HTML report generated: /mnt/d/aast/sem 5/OS/12th/v5-machine-usage/reports/report.html
[2025-12-12 02:05:38] CPU: 12th Gen Intel(R) Core(TM) i5-12500H | 8.68% (46C) | RAM: 11.39GB/23.62GB | Disk: /mnt/c [Disk] 286G/476G /mnt/d [Disk] 600G/932G [Healthy (2 Drives)] | Net: 0KB/s D / 0KB/s U | GPU: NVIDIA GeForce RTX 3050 Laptop GPU 0% (51C)
[2025-12-12 02:05:38] INFO: System monitoring completed successfully
[2025-12-12 02:08:52] INFO: Setting up directory structure...
[2025-12-12 02:08:53] INFO: Directories created successfully
[2025-12-12 02:08:54] INFO: Starting system monitoring...
[2025-12-12 02:08:54] INFO: [1/10] Collecting CPU Metrics...
[2025-12-12 02:08:59] INFO: CPU metrics collected: Model=12th Gen Intel(R) Core(TM) i5-12500H, Cores=16, Usage=18.65%, Load=0.52
[2025-12-12 02:08:59] INFO: [2/10] Collecting Memory Metrics...
[2025-12-12 02:09:02] INFO: Memory metrics collected: Total=23.62GB, Used=11.45GB, Usage=48.47%
[2025-12-12 02:09:03] INFO: [3/10] Collecting Disk Metrics...
[2025-12-12 02:09:06] INFO: Disk metrics collected for all drives
[2025-12-12 02:09:06] INFO: [4/10] Collecting SMART Status...
[2025-12-12 02:09:07] INFO: SMART status collected: Status=Not Available, Health=N/A
[2025-12-12 02:09:07] INFO: [5/10] Collecting Network Metrics...
[2025-12-12 02:09:09] INFO: Network metrics collected: Interfaces=0
[2025-12-12 02:09:09] INFO: [6/10] Collecting System Load Metrics...
[2025-12-12 02:09:11] INFO: Load metrics collected: Uptime=0d 3h 37m, Processes=9
[2025-12-12 02:09:11] INFO: [7/10] Collecting GPU Metrics...
[2025-12-12 02:09:13] INFO: GPU metrics collected: Type=NVIDIA, Detected=1
[2025-12-12 02:09:14] INFO: [8/10] Collecting Temperature Metrics...
[2025-12-12 02:09:15] INFO: Temperature metrics collected: Temp=49°C, Source=Smart Simulation (Load + Jitter)
[2025-12-12 02:09:16] INFO: [9/10] Collecting Top Processes...
[2025-12-12 02:09:23] INFO: Top processes collected: Count=5
[2025-12-12 02:09:23] INFO: [10/10] Checking Critical Alerts...
[2025-12-12 02:09:24] INFO: Alert check completed: 0 alerts found
[2025-12-12 02:09:24] INFO: Exporting CSV data...
[2025-12-12 02:09:24] INFO: CSV data exported to /mnt/d/aast/sem 5/OS/12th/v5-machine-usage/data/metrics.csv
[2025-12-12 02:09:25] INFO: Generating HTML report...
[2025-12-12 02:09:26] INFO: HTML report generated: /mnt/d/aast/sem 5/OS/12th/v5-machine-usage/reports/report.html
[2025-12-12 02:09:27] INFO: System monitoring completed successfully
[2025-12-12 02:10:23] INFO: Setting up directory structure...
[2025-12-12 02:10:23] INFO: Directories created successfully
[2025-12-12 02:10:24] INFO: Starting system monitoring...
[2025-12-12 02:10:25] INFO: [1/10] Collecting CPU Metrics...
[2025-12-12 02:10:29] INFO: CPU metrics collected: Model=12th Gen Intel(R) Core(TM) i5-12500H, Cores=16, Usage=11.57%, Load=0.52
[2025-12-12 02:10:29] INFO: [2/10] Collecting Memory Metrics...
[2025-12-12 02:10:32] INFO: Memory metrics collected: Total=23.62GB, Used=11.36GB, Usage=48.09%
[2025-12-12 02:10:32] INFO: [3/10] Collecting Disk Metrics...
[2025-12-12 02:10:35] INFO: Disk metrics collected for all drives
[2025-12-12 02:10:35] INFO: [4/10] Collecting SMART Status...
[2025-12-12 02:10:36] INFO: SMART status collected: Status=Not Available, Health=N/A
[2025-12-12 02:10:36] INFO: [5/10] Collecting Network Metrics...
[2025-12-12 02:10:37] INFO: Network metrics collected: Interfaces=0
[2025-12-12 02:10:37] INFO: [6/10] Collecting System Load Metrics...
[2025-12-12 02:10:39] INFO: Load metrics collected: Uptime=0d 3h 38m, Processes=8
[2025-12-12 02:10:39] INFO: [7/10] Collecting GPU Metrics...
[2025-12-12 02:10:41] INFO: GPU metrics collected: Type=NVIDIA, Detected=1
[2025-12-12 02:10:41] INFO: [8/10] Collecting Temperature Metrics...
[2025-12-12 02:10:42] INFO: Temperature metrics collected: Temp=46°C, Source=Smart Simulation (Load + Jitter)
[2025-12-12 02:10:42] INFO: [9/10] Collecting Top Processes...
[2025-12-12 02:10:48] INFO: Top processes collected: Count=5
[2025-12-12 02:10:49] INFO: [10/10] Checking Critical Alerts...
[2025-12-12 02:10:49] INFO: Alert check completed: 0 alerts found
[2025-12-12 02:10:49] INFO: Exporting CSV data...
[2025-12-12 02:10:50] INFO: CSV data exported to /mnt/d/aast/sem 5/OS/12th/v5-machine-usage/data/metrics.csv
[2025-12-12 02:10:50] INFO: Generating HTML report...
[2025-12-12 02:10:51] INFO: HTML report generated: /mnt/d/aast/sem 5/OS/12th/v5-machine-usage/reports/report.html
[2025-12-12 02:10:51] INFO: System monitoring completed successfully
[2025-12-12 02:16:15] INFO: Setting up directory structure...
[2025-12-12 02:16:16] INFO: Directories created successfully
[2025-12-12 02:16:17] INFO: Starting system monitoring...
[2025-12-12 02:16:17] INFO: [1/10] Collecting CPU Metrics...
[2025-12-12 02:16:21] INFO: CPU metrics collected: Model=12th Gen Intel(R) Core(TM) i5-12500H, Cores=16, Usage=17.66%, Load=0.52
[2025-12-12 02:16:22] INFO: [2/10] Collecting Memory Metrics...
[2025-12-12 02:16:25] INFO: Memory metrics collected: Total=23.62GB, Used=11.29GB, Usage=47.79%
[2025-12-12 02:16:25] INFO: [3/10] Collecting Disk Metrics...
[2025-12-12 02:16:29] INFO: Disk metrics collected for all drives
[2025-12-12 02:16:30] INFO: [4/10] Collecting SMART Status...
[2025-12-12 02:16:30] INFO: SMART status collected: Status=Not Available, Health=N/A
[2025-12-12 02:16:30] INFO: [5/10] Collecting Network Metrics...
[2025-12-12 02:16:32] INFO: Network metrics collected: Interfaces=0
[2025-12-12 02:16:32] INFO: [6/10] Collecting System Load Metrics...
[2025-12-12 02:16:34] INFO: Load metrics collected: Uptime=0d 3h 44m, Processes=9
[2025-12-12 02:16:35] INFO: [7/10] Collecting GPU Metrics...
[2025-12-12 02:16:37] INFO: GPU metrics collected: Type=NVIDIA, Detected=1
[2025-12-12 02:16:37] INFO: [8/10] Collecting Temperature Metrics...
[2025-12-12 02:16:39] INFO: Temperature metrics collected: Temp=49°C, Source=Smart Simulation (Load + Jitter)
[2025-12-12 02:16:39] INFO: [9/10] Collecting Top Processes...
[2025-12-12 02:16:46] INFO: Top processes collected: Count=5
[2025-12-12 02:16:47] INFO: [10/10] Checking Critical Alerts...
[2025-12-12 02:16:47] INFO: Alert check completed: 0 alerts found
[2025-12-12 02:16:48] INFO: Exporting CSV data...
[2025-12-12 02:16:48] INFO: CSV data exported to /mnt/d/aast/sem 5/OS/12th/v5-machine-usage/data/metrics.csv
[2025-12-12 02:16:48] INFO: Generating HTML report...
[2025-12-12 02:16:50] INFO: HTML report generated: /mnt/d/aast/sem 5/OS/12th/v5-machine-usage/reports/report.html
[2025-12-12 02:16:50] INFO: System monitoring completed successfully
[2025-12-12 02:26:18] INFO: Setting up directory structure...
[2025-12-12 02:26:19] INFO: Directories created successfully
[2025-12-12 02:26:20] INFO: Starting system monitoring...
[2025-12-12 02:26:20] INFO: [1/10] Collecting CPU Metrics...
[2025-12-12 02:26:25] INFO: CPU metrics collected: Model=12th Gen Intel(R) Core(TM) i5-12500H, Cores=16, Usage=21.02%, Load=0.52
[2025-12-12 02:26:25] INFO: [2/10] Collecting Memory Metrics...
[2025-12-12 02:26:30] INFO: Memory metrics collected: Total=23.62GB, Used=11.66GB, Usage=49.36%
[2025-12-12 02:26:30] INFO: [3/10] Collecting Disk Metrics...
[2025-12-12 02:26:34] INFO: Disk metrics collected for all drives
[2025-12-12 02:26:35] INFO: [4/10] Collecting SMART Status...
[2025-12-12 02:26:35] INFO: SMART status collected: Status=Not Available, Health=N/A
[2025-12-12 02:26:35] INFO: [5/10] Collecting Network Metrics...
[2025-12-12 02:26:37] INFO: Network metrics collected: Interfaces=0
[2025-12-12 02:26:37] INFO: [6/10] Collecting System Load Metrics...
[2025-12-12 02:26:39] INFO: Load metrics collected: Uptime=0d 3h 54m, Processes=9
[2025-12-12 02:26:39] INFO: [7/10] Collecting GPU Metrics...
[2025-12-12 02:26:42] INFO: GPU metrics collected: Type=NVIDIA, Detected=1
[2025-12-12 02:26:42] INFO: [8/10] Collecting Temperature Metrics...
[2025-12-12 02:26:43] INFO: Temperature metrics collected: Temp=51°C, Source=Smart Simulation (Load + Jitter)
[2025-12-12 02:26:44] INFO: [9/10] Collecting Top Processes...
[2025-12-12 02:26:51] INFO: Top processes collected: Count=5
[2025-12-12 02:26:51] INFO: [10/10] Checking Critical Alerts...
[2025-12-12 02:26:52] INFO: Alert check completed: 0 alerts found
[2025-12-12 02:26:52] INFO: Exporting CSV data...
[2025-12-12 02:26:53] INFO: CSV data exported to /mnt/d/aast/sem 5/OS/12th/v5-machine-usage/data/metrics.csv
[2025-12-12 02:26:53] INFO: Generating HTML report...
[2025-12-12 02:26:55] INFO: HTML report generated: /mnt/d/aast/sem 5/OS/12th/v5-machine-usage/reports/report.html
[2025-12-12 02:26:55] INFO: System monitoring completed successfully
[2025-12-12 02:27:19] INFO: Setting up directory structure...
[2025-12-12 02:27:19] INFO: Directories created successfully
[2025-12-12 02:27:20] INFO: Starting system monitoring...
[2025-12-12 02:27:21] INFO: [1/10] Collecting CPU Metrics...
[2025-12-12 02:27:25] INFO: CPU metrics collected: Model=12th Gen Intel(R) Core(TM) i5-12500H, Cores=16, Usage=10.05%, Load=0.52
[2025-12-12 02:27:25] INFO: [2/10] Collecting Memory Metrics...
[2025-12-12 02:27:30] INFO: Memory metrics collected: Total=23.62GB, Used=11.47GB, Usage=48.56%
[2025-12-12 02:27:30] INFO: [3/10] Collecting Disk Metrics...
[2025-12-12 02:27:33] INFO: Disk metrics collected for all drives
[2025-12-12 02:27:33] INFO: [4/10] Collecting SMART Status...
[2025-12-12 02:27:34] INFO: SMART status collected: Status=Not Available, Health=N/A
[2025-12-12 02:27:34] INFO: [5/10] Collecting Network Metrics...
[2025-12-12 02:27:35] INFO: Network metrics collected: Interfaces=0
[2025-12-12 02:27:36] INFO: [6/10] Collecting System Load Metrics...
[2025-12-12 02:27:37] INFO: Load metrics collected: Uptime=0d 3h 55m, Processes=8
[2025-12-12 02:27:37] INFO: [7/10] Collecting GPU Metrics...
[2025-12-12 02:27:39] INFO: GPU metrics collected: Type=NVIDIA, Detected=1
[2025-12-12 02:27:39] INFO: [8/10] Collecting Temperature Metrics...
[2025-12-12 02:27:40] INFO: Temperature metrics collected: Temp=47°C, Source=Smart Simulation (Load + Jitter)
[2025-12-12 02:27:41] INFO: [9/10] Collecting Top Processes...
[2025-12-12 02:27:47] INFO: Top processes collected: Count=5
[2025-12-12 02:27:47] INFO: [10/10] Checking Critical Alerts...
[2025-12-12 02:27:48] INFO: Alert check completed: 0 alerts found
[2025-12-12 02:27:48] INFO: Exporting CSV data...
[2025-12-12 02:27:49] INFO: CSV data exported to /mnt/d/aast/sem 5/OS/12th/v5-machine-usage/data/metrics.csv
[2025-12-12 02:27:49] INFO: Generating HTML report...
[2025-12-12 02:27:50] INFO: HTML report generated: /mnt/d/aast/sem 5/OS/12th/v5-machine-usage/reports/report.html
[2025-12-12 02:27:50] INFO: System monitoring completed successfully
